<?xml version="1.0" encoding="UTF-8"?>
<!-- Generated by org.testng.reporters.JUnitReportReporter -->
<testsuite hostname="DESKTOP-NUFKIHQ" failures="0" tests="1" name="testNG.Sumo" time="0.009" errors="0" timestamp="2022-08-20T14:32:37 IST" skipped="0">
  <testcase classname="testNG.Sumo" name="method3" time="0.009"/>
  <system-out>
    <![CDATA[method 3 ]]>
  </system-out>
</testsuite> <!-- testNG.Sumo -->
