<?xml version="1.0" encoding="UTF-8"?>
<!-- Generated by org.testng.reporters.JUnitReportReporter -->
<testsuite hostname="DESKTOP-NUFKIHQ" failures="0" tests="1" name="testNG.Demo" time="0.013" errors="0" timestamp="2022-08-20T14:26:45 IST" skipped="0">
  <testcase classname="testNG.Demo" name="method1" time="0.013"/>
  <system-out>
    <![CDATA[method 1 ]]>
  </system-out>
</testsuite> <!-- testNG.Demo -->
